==========================================
Module 3 Coverage Orchestrator Log
Started: 2026-02-06 02:03:41
Command: ./scripts/module3.sh 
Project root: /home/yongfu/proj/designs/verification_planning_management
Module dir : /home/yongfu/proj/designs/verification_planning_management/module3
==========================================


[0;36m========================================[0m
[0;36mModule 3: Coverage Planning & Analysis in Practice[0m
[0;36m========================================[0m

[0;34m[2026-02-06 02:03:41] Checking basic Module 3 structure...[0m
[0;32m[2026-02-06 02:03:41] Basic Module 3 structure looks OK.[0m

[0;36m========================================[0m
[0;36mCoverage Design Status[0m
[0;36m========================================[0m

[0;32m[2026-02-06 02:03:41] Found coverage_design.md (56 lines).[0m
[1;33m[2026-02-06 02:03:41] Remaining TODO markers in coverage_design.md: 12[0m

[0;36m========================================[0m
[0;36mCoverage Runs Log Status[0m
[0;36m========================================[0m

[0;32m[2026-02-06 02:03:41] Found coverage_runs.md (49 lines).[0m
[0;34m[2026-02-06 02:03:41] Documented coverage runs: 1[0m

[0;36m========================================[0m
[0;36mModule 3 Checklist Status[0m
[0;36m========================================[0m

[0;32m[2026-02-06 02:03:41] Found checklist_module3.md.[0m
[0;34m[2026-02-06 02:03:41] Checklist items: 27  |  Completed: 0  |  Remaining: 27[0m
[1;33m[2026-02-06 02:03:41] There are still unchecked items; review checklist_module3.md.[0m

[0;36m========================================[0m
[0;36mSummary[0m
[0;36m========================================[0m

[0;32m[2026-02-06 02:03:41] ✓ Module 3 coverage artifacts look structurally OK.[0m

[0;34m[2026-02-06 02:03:41] Next steps:[0m
  1. Implement the covergroups described in coverage_design.md.
  2. Run at least one coverage-enabled regression and log it in coverage_runs.md.
  3. Use checklist_module3.md to drive closure and readiness for Module 4.

==========================================
Module 3 Coverage Orchestrator Log - Completed
Finished: 2026-02-06 02:03:41
Exit code: 0
Log file: /home/yongfu/proj/designs/verification_planning_management/module3/run.log
==========================================
