==========================================
Module 8 Capstone Log
Started: 2026-02-06 03:14:13
Command: /mnt/d/proj/designs/verification_planning_management/scripts/module8.sh --summary
Project root: /mnt/d/proj/designs/verification_planning_management
Module dir : /mnt/d/proj/designs/verification_planning_management/module8
==========================================


[0;36m========================================[0m
[0;36mModule 8: Capstone – End‑to‑End Verification & VIP Delivery[0m
[0;36m========================================[0m

[0;34m[2026-02-06 03:14:13] Checking basic Module 8 structure...[0m
[0;32m[2026-02-06 03:14:13] Basic Module 8 structure looks OK.[0m

[0;36m========================================[0m
[0;36mCapstone Project Plan Status[0m
[0;36m========================================[0m

[0;32m[2026-02-06 03:14:14] Found CAPSTONE_PROJECT.md (48 lines).[0m
[1;33m[2026-02-06 03:14:14] Remaining TODO markers in capstone_project.md: 10[0m

[0;36m========================================[0m
[0;36mModule 8 Checklist Status[0m
[0;36m========================================[0m

[0;32m[2026-02-06 03:14:14] Found CHECKLIST.md.[0m
[0;34m[2026-02-06 03:14:14] Checklist items: 21  |  Completed: 0  |  Remaining: 21[0m
[1;33m[2026-02-06 03:14:14] There are still unchecked items; review checklist_module8.md.[0m

[0;36m========================================[0m
[0;36mSummary[0m
[0;36m========================================[0m

[0;32m[2026-02-06 03:14:14] ✓ Module 8 capstone planning artifacts look structurally OK.[0m

[0;34m[2026-02-06 03:14:14] Next steps:[0m
  1. Implement the capstone described in capstone_project.md.
  2. Use checklist_module8.md to track progress toward completion.

==========================================
Module 8 Capstone Log - Completed
Finished: 2026-02-06 03:14:14
Exit code: 0
Log file: /mnt/d/proj/designs/verification_planning_management/module8/run.log
==========================================
