==========================================
Module 7 Real-World & VIP Log
Started: 2026-02-06 02:03:50
Command: ./scripts/module7.sh 
Project root: /home/yongfu/proj/designs/verification_planning_management
Module dir : /home/yongfu/proj/designs/verification_planning_management/module7
==========================================


[0;36m========================================[0m
[0;36mModule 7: Real-World Verification Applications & VIP[0m
[0;36m========================================[0m

[0;34m[2026-02-06 02:03:50] Checking basic Module 7 structure...[0m
[0;32m[2026-02-06 02:03:50] Basic Module 7 structure looks OK.[0m

[0;36m========================================[0m
[0;36mProjects Status[0m
[0;36m========================================[0m

[0;32m[2026-02-06 02:03:50] Found projects.md (34 lines).[0m
[1;33m[2026-02-06 02:03:51] Remaining TODO markers in projects.md: 7[0m

[0;36m========================================[0m
[0;36mVIP Design Status[0m
[0;36m========================================[0m

[0;32m[2026-02-06 02:03:51] Found vip_design.md (54 lines).[0m
[1;33m[2026-02-06 02:03:51] Remaining TODO markers in vip_design.md: 11[0m

[0;36m========================================[0m
[0;36mBest Practices Status[0m
[0;36m========================================[0m

[0;32m[2026-02-06 02:03:51] Found best_practices.md (34 lines).[0m
[1;33m[2026-02-06 02:03:51] Remaining TODO markers in best_practices.md: 7[0m

[0;36m========================================[0m
[0;36mModule 7 Checklist Status[0m
[0;36m========================================[0m

[0;32m[2026-02-06 02:03:51] Found checklist_module7.md.[0m
[0;34m[2026-02-06 02:03:51] Checklist items: 17  |  Completed: 0  |  Remaining: 17[0m
[1;33m[2026-02-06 02:03:51] There are still unchecked items; review checklist_module7.md.[0m

[0;36m========================================[0m
[0;36mSummary[0m
[0;36m========================================[0m

[0;32m[2026-02-06 02:03:51] ✓ Module 7 real-world & VIP artifacts look structurally OK.[0m

[0;34m[2026-02-06 02:03:51] Next steps:[0m
  1. Implement the projects defined in projects.md.
  2. Build out the VIP structure described in vip_design.md.
  3. Use best_practices.md and checklist_module7.md to guide production-quality implementation.

==========================================
Module 7 Real-World & VIP Log - Completed
Finished: 2026-02-06 02:03:51
Exit code: 0
Log file: /home/yongfu/proj/designs/verification_planning_management/module7/run.log
==========================================
