==========================================
Module 2 Planning Orchestrator Log
Started: 2026-02-06 03:14:13
Command: /mnt/d/proj/designs/verification_planning_management/scripts/module2.sh --summary
Project root: /mnt/d/proj/designs/verification_planning_management
Module dir : /mnt/d/proj/designs/verification_planning_management/module2
==========================================


[0;36m========================================[0m
[0;36mModule 2: Test Planning & Strategy in Depth[0m
[0;36m========================================[0m

[0;34m[2026-02-06 03:14:13] Checking basic Module 2 structure...[0m
[0;32m[2026-02-06 03:14:13] Basic Module 2 structure looks OK.[0m

[0;36m========================================[0m
[0;36mTest Plan Status[0m
[0;36m========================================[0m

[0;32m[2026-02-06 03:14:13] Found TEST_PLAN.md (56 lines).[0m
[1;33m[2026-02-06 03:14:13] File: TEST_PLAN.md — 11 TODO marker(s) still present (sections not yet filled).[0m
  How to fix: replace each <!-- TODO: ... --> with real content for that section. See module2/.solutions/TEST_PLAN.md for an example, or docs/FILL_GUIDES.md for section-by-section guidance.

[0;36m========================================[0m
[0;36mRegression Plan Status[0m
[0;36m========================================[0m

[0;32m[2026-02-06 03:14:13] Found REGRESSION_PLAN.md (42 lines).[0m
[1;33m[2026-02-06 03:14:13] File: REGRESSION_PLAN.md — 9 TODO marker(s) still present (sections not yet filled).[0m
  How to fix: replace each <!-- TODO: ... --> with real content for that section. See module2/.solutions/REGRESSION_PLAN.md for an example, or docs/FILL_GUIDES.md.

[0;36m========================================[0m
[0;36mCoverage Plan Status[0m
[0;36m========================================[0m

[0;32m[2026-02-06 03:14:13] Found COVERAGE_PLAN.md (50 lines).[0m
[1;33m[2026-02-06 03:14:13] File: COVERAGE_PLAN.md — 10 TODO marker(s) still present (sections not yet filled).[0m
  How to fix: replace each <!-- TODO: ... --> with real content for that section. See module2/.solutions/COVERAGE_PLAN.md for an example, or docs/FILL_GUIDES.md.

[0;36m========================================[0m
[0;36mModule 2 Checklist Status[0m
[0;36m========================================[0m

[0;32m[2026-02-06 03:14:13] Found CHECKLIST.md.[0m
[0;34m[2026-02-06 03:14:13] Checklist items: 32  |  Completed: 0  |  Remaining: 32[0m
[1;33m[2026-02-06 03:14:13] File: CHECKLIST.md — 32 item(s) still unchecked.[0m
  How to fix: mark completed items with - [x] (lowercase x). Work through each section; run ./scripts/module2.sh again to see progress. See module2/.solutions/CHECKLIST.md or docs/FILL_GUIDES.md.

[0;34m[2026-02-06 03:14:13] Unchecked items (line : content):[0m
    9 : - [ ] Module 1 verification plan reasonably filled (not j...
    10 : - [ ] Requirements matrix has at least initial Req/Test/C...
    11 : - [ ] UVM env skeleton in `common_dut/tb/` is sketched (e...
    15 : - [ ] Test **types** defined (smoke, feature, stress, err...
    16 : - [ ] Test **tiers** defined (sanity/core/stress/full or ...
    17 : - [ ] Runtime **targets** per tier are documented.
    21 : - [ ] Test catalogue in `test_plan.md` created or importe...
    22 : - [ ] Catalogue expanded to at least **25–40** test inten...
    23 : - [ ] Each test has:
    29 : - [ ] Redundant/low-value tests identified and consolidat...
    33 : - [ ] At least **3** well-defined negative/error tests pl...
    34 : - [ ] At least **3** stress/long-run tests planned.
    35 : - [ ] Negative and stress tests have clear expected behav...
    39 : - [ ] Seed policy defined (which tests use fixed vs varyi...
    40 : - [ ] Mechanism for passing seeds documented (plusargs/en...
    41 : - [ ] Reproducibility expectations documented (how to cap...
    45 : - [ ] `regression_plan.md` created and filled with tier d...
    46 : - [ ] Tests assigned to appropriate tiers.
    47 : - [ ] Runtime estimates per test added (at least rough).
    48 : - [ ] Aggregate tier runtimes computed and checked agains...
    49 : - [ ] Initial pass/fail and flake policy documented.
    53 : - [ ] `coverage_plan.md` created and linked to Module 1 p...
    54 : - [ ] Key covergroups, coverpoints, and crosses listed wi...
    55 : - [ ] Coverage–test relationships sketched (which tests d...
    56 : - [ ] Early coverage closure tactics described.
    60 : - [ ] Test catalogue, regression plan, and coverage plan ...
    63 : - [ ] No high-priority requirement is left with **only on...
    67 : - [ ] Test and regression plan reviewed with peer/mentor ...
    68 : - [ ] Identified issues and actions recorded in `test_pla...
    72 : - [ ] You can explain your **test taxonomy and regression...
    73 : - [ ] You can show, for several high-priority requirement...
    74 : - [ ] You are comfortable that the next module can focus ...

[0;36m========================================[0m
[0;36mDocument Structure (Required Sections)[0m
[0;36m========================================[0m

[0;32m[2026-02-06 03:14:13] Required sections present in planning documents.[0m

[0;36m========================================[0m
[0;36mSummary[0m
[0;36m========================================[0m

[0;32m[2026-02-06 03:14:13] ✓ Module 2 planning artifacts look structurally OK.[0m

[0;34m[2026-02-06 03:14:13] Next steps:[0m
  1. Flesh out test_plan.md with a rich test catalogue.
  2. Complete regression_plan.md with realistic tiers and runtimes.
  3. Refine coverage_plan.md to align tests and coverage goals.

==========================================
Module 2 Planning Orchestrator Log - Completed
Finished: 2026-02-06 03:14:13
Exit code: 0
Log file: /mnt/d/proj/designs/verification_planning_management/module2/run.log
==========================================
