# Fill Guides – How to Complete Planning Documents

This document gives **section-by-section guidance** for filling the planning templates. Use it together with the "How to fill" hints inside each template and the reference solutions in `moduleN/.solutions/`.

---

## Table of Contents

- [Minimal vs full](#minimal-vs-full)
- [Module 1](#module-1)
  - [Verification Plan](#module-1---verification-plan)
  - [Requirements Matrix](#module-1---requirements-matrix)
  - [Checklist](#module-1---checklist)
  - [High-Priority Requirements Traceability](#module-1---high-priority-requirements-traceability)
- [Module 2](#module-2)
- [Modules 3–8](#modules-38)

---

## Minimal vs full

Two ways to complete planning documents:

| Approach | What it means | Where to find |
|----------|----------------|---------------|
| **Minimal** | Enough to **pass the scripts**: no TODOs left, required sections present, at least a few requirement rows in the matrix, checklist items checked. Minimal tables and bullets. | Your workspace after a first pass; or copy from `moduleN/templates/` and replace each `<!-- TODO: ... -->` with 1–2 sentences and minimal tables. |
| **Full** | **Full depth** for review and sign-off: detailed DUT description, risk table, full test catalogue (≥10 tests), Req→Test→Coverage→Checkers mapping, high-priority traceability. | `moduleN/.solutions/` (e.g. `module1/.solutions/` for the Stream FIFO). |

**Recommendation**: Start with a minimal pass so the script passes, then deepen section by section using [USE_CASE_FIFO](USE_CASE_FIFO.md) and the fill guides below. Use `.solutions/` to judge quality and depth; scripts only check structure and completeness.

