==========================================
Module 4 Environment & Checker Log
Started: 2026-02-06 03:14:13
Command: /mnt/d/proj/designs/verification_planning_management/scripts/module4.sh --summary
Project root: /mnt/d/proj/designs/verification_planning_management
Module dir : /mnt/d/proj/designs/verification_planning_management/module4
==========================================


[0;36m========================================[0m
[0;36mModule 4: UVM Environment & Checker Maturity[0m
[0;36m========================================[0m

[0;34m[2026-02-06 03:14:13] Checking basic Module 4 structure...[0m
[0;32m[2026-02-06 03:14:13] Basic Module 4 structure looks OK.[0m

[0;36m========================================[0m
[0;36mEnvironment Design Status[0m
[0;36m========================================[0m

[0;32m[2026-02-06 03:14:13] Found env_design.md (56 lines).[0m
[1;33m[2026-02-06 03:14:13] Remaining TODO markers in env_design.md: 12[0m

[0;36m========================================[0m
[0;36mChecker Plan Status[0m
[0;36m========================================[0m

[0;32m[2026-02-06 03:14:13] Found checker_plan.md (46 lines).[0m
[1;33m[2026-02-06 03:14:13] Remaining TODO markers in checker_plan.md: 9[0m

[0;36m========================================[0m
[0;36mModule 4 Checklist Status[0m
[0;36m========================================[0m

[0;32m[2026-02-06 03:14:13] Found checklist_module4.md.[0m
[0;34m[2026-02-06 03:14:13] Checklist items: 29  |  Completed: 0  |  Remaining: 29[0m
[1;33m[2026-02-06 03:14:13] There are still unchecked items; review checklist_module4.md.[0m

[0;36m========================================[0m
[0;36mSummary[0m
[0;36m========================================[0m

[0;32m[2026-02-06 03:14:13] ✓ Module 4 environment & checker artifacts look structurally OK.[0m

[0;34m[2026-02-06 03:14:13] Next steps:[0m
  1. Implement/refine the env/agent structure from env_design.md in common_dut/tb/.
  2. Implement scoreboards, reference models, and assertions from checker_plan.md.
  3. Use checklist_module4.md to track review and readiness for Module 5.

==========================================
Module 4 Environment & Checker Log - Completed
Finished: 2026-02-06 03:14:13
Exit code: 0
Log file: /mnt/d/proj/designs/verification_planning_management/module4/run.log
==========================================
