// -----------------------------------------------------------------------------
// Functional coverage for stream_fifo (Module 3)
// -----------------------------------------------------------------------------
//
// Covergroups aligned with module3/COVERAGE_DESIGN.md.
// Instantiate this class in stream_fifo_monitor (or equivalent) and call
// sample() on the appropriate events (e.g., posedge clk).
//

`ifndef STREAM_FIFO_COVERAGE_SV
`define STREAM_FIFO_COVERAGE_SV

class stream_fifo_coverage;

  // Inputs to be set by monitor before sample()
  bit [31:0] level;        // Current FIFO occupancy (0..DEPTH)
  bit [1:0]  op_type;      // 0=idle, 1=push, 2=pop, 3=push_and_pop
  bit        overflow;
  bit        underflow;
  int        depth;        // DEPTH parameter for bin bounds

  // -------------------------------------------------------------------------
  // CG_OPS: Operation types per cycle
  // -------------------------------------------------------------------------
  covergroup cg_ops;
    option.per_instance = 1;
    cp_op_type: coverpoint op_type {
      bins idle          = { 0 };
      bins push_only     = { 1 };
      bins pop_only      = { 2 };
      bins push_and_pop  = { 3 };
    }
  endgroup

  // -------------------------------------------------------------------------
  // CG_LEVEL: Occupancy levels (empty / low / mid / high / full)
  // -------------------------------------------------------------------------
  covergroup cg_level;
    option.per_instance = 1;
    cp_level: coverpoint level {
