==========================================
Module 5 Regression & UVM Log
Started: 2026-02-06 03:14:13
Command: /mnt/d/proj/designs/verification_planning_management/scripts/module5.sh --summary
Project root: /mnt/d/proj/designs/verification_planning_management
Module dir : /mnt/d/proj/designs/verification_planning_management/module5
==========================================


[0;36m========================================[0m
[0;36mModule 5: Regression Management & Advanced UVM Orchestration[0m
[0;36m========================================[0m

[0;34m[2026-02-06 03:14:13] Checking basic Module 5 structure...[0m
[0;32m[2026-02-06 03:14:13] Basic Module 5 structure looks OK.[0m

[0;36m========================================[0m
[0;36mRegression Ops Status[0m
[0;36m========================================[0m

[0;32m[2026-02-06 03:14:13] Found regression_ops.md (52 lines).[0m
[1;33m[2026-02-06 03:14:13] Remaining TODO markers in regression_ops.md: 11[0m

[0;36m========================================[0m
[0;36mAdvanced UVM Plan Status[0m
[0;36m========================================[0m

[0;32m[2026-02-06 03:14:13] Found advanced_uvm_plan.md (46 lines).[0m
[1;33m[2026-02-06 03:14:13] Remaining TODO markers in advanced_uvm_plan.md: 9[0m

[0;36m========================================[0m
[0;36mDebug / Flake Plan Status[0m
[0;36m========================================[0m

[0;32m[2026-02-06 03:14:13] Found debug_flake_plan.md (56 lines).[0m
[1;33m[2026-02-06 03:14:13] Remaining TODO markers in debug_flake_plan.md: 11[0m

[0;36m========================================[0m
[0;36mModule 5 Checklist Status[0m
[0;36m========================================[0m

[0;32m[2026-02-06 03:14:13] Found checklist_module5.md.[0m
[0;34m[2026-02-06 03:14:13] Checklist items: 23  |  Completed: 0  |  Remaining: 23[0m
[1;33m[2026-02-06 03:14:13] There are still unchecked items; review checklist_module5.md.[0m

[0;36m========================================[0m
[0;36mSummary[0m
[0;36m========================================[0m

[0;32m[2026-02-06 03:14:13] ✓ Module 5 regression & advanced UVM artifacts look structurally OK.[0m

[0;34m[2026-02-06 03:14:13] Next steps:[0m
  1. Implement regression jobs defined in regression_ops.md.
  2. Implement virtual sequences/config/callbacks from advanced_uvm_plan.md.
  3. Apply debug/flake policies from debug_flake_plan.md and track progress via checklist_module5.md.

==========================================
Module 5 Regression & UVM Log - Completed
Finished: 2026-02-06 03:14:13
Exit code: 0
Log file: /mnt/d/proj/designs/verification_planning_management/module5/run.log
==========================================
