==========================================
Module 1 Planning Orchestrator Log
Started: 2026-02-06 03:14:12
Command: /mnt/d/proj/designs/verification_planning_management/scripts/module1.sh --summary
Project root: /mnt/d/proj/designs/verification_planning_management
Module dir : /mnt/d/proj/designs/verification_planning_management/module1
==========================================


[0;36m========================================[0m
[0;36mModule 1: Verification Planning & Management Foundations[0m
[0;36m========================================[0m

[0;34m[2026-02-06 03:14:12] Checking basic Module 1 structure...[0m
[0;32m[2026-02-06 03:14:12] Basic Module 1 structure looks OK.[0m

[0;36m========================================[0m
[0;36mVerification Plan Status[0m
[0;36m========================================[0m

[0;32m[2026-02-06 03:14:12] Found VERIFICATION_PLAN.md (42 lines).[0m
[1;33m[2026-02-06 03:14:12] File: VERIFICATION_PLAN.md — 9 TODO marker(s) still present (sections not yet filled).[0m
  How to fix: replace each <!-- TODO: ... --> with real content for that section. See module1/.solutions/VERIFICATION_PLAN.md for an example, or docs/FILL_GUIDES.md for section-by-section guidance.

[0;36m========================================[0m
[0;36mRequirements Matrix Status[0m
[0;36m========================================[0m

[0;32m[2026-02-06 03:14:12] Found REQUIREMENTS_MATRIX.md.[0m
[0;34m[2026-02-06 03:14:12] Approx. requirement entries: 0[0m
[1;33m[2026-02-06 03:14:12] File: REQUIREMENTS_MATRIX.md — Section: Requirement List (§2). No requirement rows detected (R1, R2, …).[0m
  How to fix: add a markdown table with rows like | R1 | Description | H | Notes |. See module1/.solutions/REQUIREMENTS_MATRIX.md §2, or docs/FILL_GUIDES.md.

[0;36m========================================[0m
[0;36mChecklist Status[0m
[0;36m========================================[0m

[0;32m[2026-02-06 03:14:12] Found CHECKLIST.md.[0m
[0;34m[2026-02-06 03:14:12] Checklist items: 27  |  Completed: 0  |  Remaining: 27[0m
[1;33m[2026-02-06 03:14:12] File: CHECKLIST.md — 27 item(s) still unchecked.[0m
  How to fix: mark completed items with - [x] (lowercase x). Work through each section; run ./scripts/module1.sh again to see progress. See module1/.solutions/CHECKLIST.md or docs/FILL_GUIDES.md.

[0;34m[2026-02-06 03:14:12] Unchecked items (line : content):[0m
    9 : - [ ] DUT chosen (FIFO / UART / AXI-lite / other).
    10 : - [ ] DUT spec collected and stored (or linked) for refer...
    11 : - [ ] `common_dut/rtl/` contains the DUT RTL (shared acro...
    12 : - [ ] `common_dut/tb/` exists with testbench structure (s...
    16 : - [ ] Requirements extracted from the spec and listed in ...
    17 : - [ ] Each requirement has a unique **Req ID** (e.g., R1,...
    18 : - [ ] In-scope vs out-of-scope items clearly documented i...
    19 : - [ ] Assumptions/constraints about environment are writt...
    20 : - [ ] A simple **risk matrix** is completed in the plan.
    24 : - [ ] Overall verification **objectives** are listed.
    25 : - [ ] High-level **strategy** (directed vs random vs scen...
    26 : - [ ] Planned UVM **env/agent/sequence/scoreboard** struc...
    27 : - [ ] Usage of **assertions** and/or protocol checkers is...
    31 : - [ ] Test **tiers** (smoke/feature/stress/error) are def...
    32 : - [ ] An initial **test catalogue** (≥ 10 tests) is docum...
    33 : - [ ] Each test has:
    40 : - [ ] Key **functional coverage** items are identified (c...
    41 : - [ ] Tentative **code coverage** goals are defined.
    42 : - [ ] Initial **coverage goals** and closure philosophy a...
    43 : - [ ] Requirements → coverage mapping exists in `requirem...
    47 : - [ ] A rough **regression tiering** concept is described...
    48 : - [ ] Draft **sign-off criteria** bullets are listed (cov...
    52 : - [ ] Requirements → tests mapping exists in `requirement...
    53 : - [ ] High-priority requirements have explicit mapping in...
    57 : - [ ] Plan reviewed (self-review or peer review).
    58 : - [ ] Open questions and risks captured in `verification_...
    62 : - [ ] Module 1 documents are filled enough to drive test ...

[0;36m========================================[0m
[0;36mDocument Structure (Required Sections)[0m
[0;36m========================================[0m

[0;32m[2026-02-06 03:14:13] Required sections present in planning documents.[0m

[0;36m========================================[0m
[0;36mTraceability (Requirement IDs)[0m
[0;36m========================================[0m

No requirement IDs (R1, R2, ...) found in REQUIREMENTS_MATRIX.md; skipping traceability check.

[0;36m========================================[0m
[0;36mSummary[0m
[0;36m========================================[0m

[0;32m[2026-02-06 03:14:13] ✓ Module 1 planning artifacts look structurally OK.[0m

[0;34m[2026-02-06 03:14:13] Next steps:[0m
  1. Fill out verification_plan.md with your DUT details.
  2. Populate requirements_matrix.md with Req/Test/Coverage mappings.
  3. Update checklist_module1.md as you complete tasks.

==========================================
Module 1 Planning Orchestrator Log - Completed
Finished: 2026-02-06 03:14:13
Exit code: 0
Log file: /mnt/d/proj/designs/verification_planning_management/module1/run.log
==========================================
